TN:
SF:/Users/toast38coza/Projects/Toast38coza/cliniko/app/scripts/controllers/main.js
FN:11,(anonymous_1)
FNF:1
FNH:1
FNDA:1,(anonymous_1)
DA:10,1
DA:13,1
LF:2
LH:2
BRF:0
BRH:0
end_of_record
TN:
SF:/Users/toast38coza/Projects/Toast38coza/cliniko/app/scripts/controllers/new.js
FN:11,(anonymous_1)
FNF:1
FNH:1
FNDA:1,(anonymous_1)
DA:10,1
DA:12,1
LF:2
LH:2
BRF:0
BRH:0
end_of_record
TN:
SF:/Users/toast38coza/Projects/Toast38coza/cliniko/app/scripts/controllers/product.js
FN:11,(anonymous_1)
FNF:1
FNH:1
FNDA:1,(anonymous_1)
DA:10,1
DA:12,1
LF:2
LH:2
BRF:0
BRH:0
end_of_record
TN:
SF:/Users/toast38coza/Projects/Toast38coza/cliniko/app/scripts/services/cliniko.js
FN:11,(anonymous_1)
FN:14,(anonymous_2)
FN:21,(anonymous_3)
FNF:3
FNH:1
FNDA:1,(anonymous_1)
FNDA:0,(anonymous_2)
FNDA:0,(anonymous_3)
DA:10,1
DA:14,1
DA:19,1
DA:22,0
DA:32,1
LF:5
LH:4
BRF:0
BRH:0
end_of_record
